ERROR 2025-06-28 02:36:32,287 basehttp 656 2784 "GET / HTTP/1.1" 500 162645
ERROR 2025-06-28 02:36:41,323 basehttp 656 2784 "GET / HTTP/1.1" 500 162645
ERROR 2025-06-28 16:18:16,149 basehttp 8024 19900 "GET /profiles/ HTTP/1.1" 500 93662
ERROR 2025-06-28 16:18:20,376 basehttp 8024 19900 "GET /profiles/ HTTP/1.1" 500 93662
ERROR 2025-06-28 16:22:17,387 basehttp 5328 12424 "GET /profiles/ HTTP/1.1" 500 93662
ERROR 2025-06-28 16:22:23,487 basehttp 5328 12424 "GET /profiles/ HTTP/1.1" 500 93662
ERROR 2025-06-28 16:25:41,805 basehttp 4656 9416 "GET /profiles/ HTTP/1.1" 500 93620
ERROR 2025-06-28 16:39:48,686 basehttp 21868 12520 "GET /profiles/ HTTP/1.1" 500 208556
ERROR 2025-06-28 18:43:41,957 basehttp 20676 1112 "GET /profiles/ HTTP/1.1" 500 208598
ERROR 2025-06-28 18:47:10,679 basehttp 11180 21172 "GET /profiles/ HTTP/1.1" 500 208556
ERROR 2025-06-28 18:48:00,996 basehttp 11180 16444 "GET /profiles/ HTTP/1.1" 500 208598
ERROR 2025-06-29 03:29:30,960 basehttp 19128 21716 "GET /profiles/ HTTP/1.1" 500 255706
ERROR 2025-06-29 03:33:24,307 basehttp 19272 18064 "GET /profiles/ HTTP/1.1" 500 76876
ERROR 2025-06-29 03:33:55,587 basehttp 19272 18064 "GET /profiles/ HTTP/1.1" 500 76725
ERROR 2025-06-29 03:36:18,622 basehttp 21428 19996 "GET /profiles/ HTTP/1.1" 500 77848
ERROR 2025-06-29 03:53:11,122 basehttp 14156 11656 "GET /profiles/ HTTP/1.1" 500 231646
ERROR 2025-06-29 03:57:49,171 basehttp 14156 12652 "GET /profiles/ HTTP/1.1" 500 265835
ERROR 2025-06-29 04:02:38,385 basehttp 13476 1524 "GET /profiles/ HTTP/1.1" 500 265965
ERROR 2025-06-29 04:07:43,045 basehttp 17976 21416 "GET /profiles/ HTTP/1.1" 500 265127
ERROR 2025-06-29 04:12:55,255 basehttp 12916 6972 "GET /profiles/ HTTP/1.1" 500 265965
ERROR 2025-06-29 06:12:34,848 basehttp 19412 20464 "GET /site/dashboard/ HTTP/1.1" 500 159606
ERROR 2025-06-29 06:12:38,499 basehttp 19412 20464 "GET /site/dashboard/ HTTP/1.1" 500 159606
ERROR 2025-06-30 08:34:01,651 basehttp 16364 19924 "GET / HTTP/1.1" 500 189191
ERROR 2025-06-30 08:34:01,799 basehttp 16364 19924 "GET / HTTP/1.1" 500 189187
ERROR 2025-06-30 08:37:28,927 basehttp 19840 2364 "GET / HTTP/1.1" 500 189452
ERROR 2025-06-30 08:37:35,122 basehttp 19840 2364 "GET / HTTP/1.1" 500 189025
ERROR 2025-06-30 20:17:27,465 basehttp 16060 3460 "GET /posts/ HTTP/1.1" 500 182450
ERROR 2025-07-01 12:43:17,363 basehttp 7948 23356 "GET /memberships/plans/ HTTP/1.1" 500 87877
ERROR 2025-07-01 12:46:21,264 basehttp 16684 21532 "GET /memberships/dashboard/ HTTP/1.1" 500 94224
ERROR 2025-07-01 12:48:56,882 basehttp 20168 9740 "GET /memberships/upgrade/2/ HTTP/1.1" 500 93815
ERROR 2025-07-01 12:51:04,769 basehttp 20168 9740 "GET /memberships/payment/1/ HTTP/1.1" 500 92824
ERROR 2025-07-01 12:51:59,962 basehttp 20168 9740 "GET /memberships/payment/2/ HTTP/1.1" 500 92824
ERROR 2025-07-01 12:54:10,070 basehttp 20168 9740 "GET /memberships/payment/2/ HTTP/1.1" 500 92824
ERROR 2025-07-01 12:54:11,739 basehttp 20168 9740 "GET /memberships/payment/2/ HTTP/1.1" 500 92824
ERROR 2025-07-01 12:54:12,734 basehttp 20168 9740 "GET /memberships/payment/2/ HTTP/1.1" 500 92824
ERROR 2025-07-01 12:54:15,470 basehttp 20168 9740 "GET /memberships/payment/3/ HTTP/1.1" 500 92824
ERROR 2025-07-01 14:48:25,812 basehttp 14616 8696 "GET /posts/ HTTP/1.1" 500 252579
ERROR 2025-07-01 14:51:11,929 basehttp 16372 3472 "GET /posts/ HTTP/1.1" 500 219800
ERROR 2025-07-01 14:51:15,577 basehttp 16372 3472 "GET /posts/ HTTP/1.1" 500 219800
